<?xml version="1.0" encoding="UTF-8"?>
<!-- Generated by org.testng.reporters.JUnitReportReporter -->
<testsuite hostname="SyedAdnan-07" failures="0" tests="1" name="testng_basics.Parallel_execution2_demowebshop" time="6.133" errors="0" timestamp="2022-11-11T12:23:08 IST" skipped="0">
  <testcase classname="testng_basics.Parallel_execution2_demowebshop" name="paralleldemo" time="6.133"/>
  <system-out/>
</testsuite> <!-- testng_basics.Parallel_execution2_demowebshop -->
