<?xml version="1.0" encoding="UTF-8"?>
<!-- Generated by org.testng.reporters.JUnitReportReporter -->
<testsuite hostname="SyedAdnan-07" failures="0" tests="1" name="POM_Testcases.DWS_BookTest" time="2.979" errors="0" timestamp="2022-11-21T16:20:19 IST" skipped="0">
  <testcase classname="POM_Testcases.DWS_BookTest" name="Book_click" time="2.979"/>
  <system-out/>
</testsuite> <!-- POM_Testcases.DWS_BookTest -->
