<?xml version="1.0" encoding="UTF-8"?>
<!-- Generated by org.testng.reporters.JUnitReportReporter -->
<testsuite hostname="SyedAdnan-07" failures="0" tests="1" name="Testcases.Testcase4_testng_Advancesearch" time="2.099" errors="0" timestamp="2022-11-16T16:41:22 IST" skipped="0">
  <testcase classname="Testcases.Testcase4_testng_Advancesearch" name="Advance_search" time="2.099"/>
  <system-out/>
</testsuite> <!-- Testcases.Testcase4_testng_Advancesearch -->
