<?xml version="1.0" encoding="UTF-8"?>
<!-- Generated by org.testng.reporters.JUnitReportReporter -->
<testsuite hostname="SyedAdnan-07" failures="0" tests="1" name="Testcases.Testcase5_testng_computer" time="6.969" errors="0" timestamp="2022-11-16T16:41:22 IST" skipped="0">
  <testcase classname="Testcases.Testcase5_testng_computer" name="mouse_over" time="6.969"/>
  <system-out/>
</testsuite> <!-- Testcases.Testcase5_testng_computer -->
