<?xml version="1.0" encoding="UTF-8"?>
<!-- Generated by org.testng.reporters.JUnitReportReporter -->
<testsuite hostname="SyedAdnan-07" failures="0" tests="1" name="testng_basics.working_With_Excel" time="0.774" errors="0" timestamp="2022-11-16T12:31:48 IST" skipped="0">
  <testcase classname="testng_basics.working_With_Excel" name="exceldemo" time="0.774"/>
  <system-out/>
</testsuite> <!-- testng_basics.working_With_Excel -->
