<?xml version="1.0" encoding="UTF-8"?>
<!-- Generated by org.testng.reporters.JUnitReportReporter -->
<testsuite hostname="SyedAdnan-07" failures="0" tests="1" name="testng_basics.dataprovider_Computer" time="8.082" errors="0" timestamp="2022-11-14T10:26:42 IST" skipped="0">
  <testcase classname="testng_basics.dataprovider_Computer" name="mouse_over" time="8.082"/>
  <system-out/>
</testsuite> <!-- testng_basics.dataprovider_Computer -->
