<?xml version="1.0" encoding="UTF-8"?>
<!-- Generated by org.testng.reporters.JUnitReportReporter -->
<testsuite hostname="SyedAdnan-07" failures="0" tests="1" name="testng_basics.Working_with_DataProvider" time="0.007" errors="0" timestamp="2022-11-11T15:33:26 IST" skipped="0">
  <testcase classname="testng_basics.Working_with_DataProvider" name="testdatademo" time="0.007"/>
  <system-out/>
</testsuite> <!-- testng_basics.Working_with_DataProvider -->
