<?xml version="1.0" encoding="UTF-8"?>
<!-- Generated by org.testng.reporters.JUnitReportReporter -->
<testsuite hostname="SyedAdnan-07" failures="0" tests="1" name="testng_basics.Working_with_excel_object" time="0.490" errors="0" timestamp="2022-11-16T15:10:28 IST" skipped="0">
  <testcase classname="testng_basics.Working_with_excel_object" name="exceldemo" time="0.490"/>
  <system-out/>
</testsuite> <!-- testng_basics.Working_with_excel_object -->
