<?xml version="1.0" encoding="UTF-8"?>
<!-- Generated by org.testng.reporters.JUnitReportReporter -->
<testsuite hostname="SyedAdnan-07" failures="0" tests="1" name="Practice_Amazon.Amazon_Search" time="3.461" errors="0" timestamp="2022-11-17T09:52:47 IST" skipped="0">
  <testcase classname="Practice_Amazon.Amazon_Search" name="search" time="3.461"/>
  <system-out/>
</testsuite> <!-- Practice_Amazon.Amazon_Search -->
