<?xml version="1.0" encoding="UTF-8"?>
<!-- Generated by org.testng.reporters.JUnitReportReporter -->
<testsuite hostname="SyedAdnan-07" failures="0" tests="1" name="testng_basics.Data_provider_Advancesearch" time="6.608" errors="0" timestamp="2022-11-14T10:03:56 IST" skipped="0">
  <testcase classname="testng_basics.Data_provider_Advancesearch" name="Advance_search" time="6.608"/>
  <system-out/>
</testsuite> <!-- testng_basics.Data_provider_Advancesearch -->
