<?xml version="1.0" encoding="UTF-8"?>
<!-- Generated by org.testng.reporters.JUnitReportReporter -->
<testsuite hostname="SyedAdnan-07" failures="0" tests="1" name="testng_basics.Working_with_groups_priority2" time="0.010" errors="0" timestamp="2022-11-10T16:34:40 IST" skipped="0">
  <testcase classname="testng_basics.Working_with_groups_priority2" name="Advancesearch" time="0.010"/>
  <system-out/>
</testsuite> <!-- testng_basics.Working_with_groups_priority2 -->
