<?xml version="1.0" encoding="UTF-8"?>
<!-- Generated by org.testng.reporters.JUnitReportReporter -->
<testsuite hostname="SyedAdnan-07" failures="0" tests="2" name="testng_basics.Working_With_Parallel_Execution" time="10.470" errors="0" timestamp="2022-11-11T11:55:09 IST" skipped="0">
  <testcase classname="testng_basics.Working_With_Parallel_Execution" name="paralleldemo" time="5.235"/>
  <system-out/>
  <testcase classname="testng_basics.Working_With_Parallel_Execution" name="paralleldemo" time="5.235"/>
  <system-out/>
</testsuite> <!-- testng_basics.Working_With_Parallel_Execution -->
