<?xml version="1.0" encoding="UTF-8"?>
<!-- Generated by org.testng.reporters.JUnitReportReporter -->
<testsuite hostname="SyedAdnan-07" failures="0" tests="1" name="POM_Testcases.DWS_ShoppingKart_Test" time="1.625" errors="0" timestamp="2022-11-21T14:46:46 IST" skipped="0">
  <testcase classname="POM_Testcases.DWS_ShoppingKart_Test" name="DWS_ShoppingKart_Test" time="1.625"/>
  <system-out/>
</testsuite> <!-- POM_Testcases.DWS_ShoppingKart_Test -->
