<?xml version="1.0" encoding="UTF-8"?>
<!-- Generated by org.testng.reporters.JUnitReportReporter -->
<testsuite hostname="SyedAdnan-07" failures="0" tests="1" name="testng_basics.DataProvider_Register" time="21.748" errors="0" timestamp="2022-11-12T12:39:45 IST" skipped="0">
  <testcase classname="testng_basics.DataProvider_Register" name="Register" time="21.748"/>
  <system-out/>
</testsuite> <!-- testng_basics.DataProvider_Register -->
