<?xml version="1.0" encoding="UTF-8"?>
<!-- Generated by org.testng.reporters.JUnitReportReporter -->
<testsuite hostname="SyedAdnan-07" failures="0" tests="1" name="POM_Testcases.DWS_DigitalTest" time="1.529" errors="0" timestamp="2022-11-21T15:24:44 IST" skipped="0">
  <testcase classname="POM_Testcases.DWS_DigitalTest" name="Digital" time="1.529"/>
  <system-out/>
</testsuite> <!-- POM_Testcases.DWS_DigitalTest -->
