<?xml version="1.0" encoding="UTF-8"?>
<!-- Generated by org.testng.reporters.JUnitReportReporter -->
<testsuite hostname="SyedAdnan-07" failures="0" tests="5" name="testng_basics.HelpMethods_demowebshop" time="0.013" errors="0" timestamp="2022-11-10T11:06:49 IST" skipped="0">
  <testcase classname="testng_basics.HelpMethods_demowebshop" name="logout" time="0.002"/>
  <system-out/>
  <testcase classname="testng_basics.HelpMethods_demowebshop" name="Wishlist" time="0.001"/>
  <system-out/>
  <testcase classname="testng_basics.HelpMethods_demowebshop" name="login" time="0.001"/>
  <system-out/>
  <testcase classname="testng_basics.HelpMethods_demowebshop" name="search" time="0.001"/>
  <system-out/>
  <testcase classname="testng_basics.HelpMethods_demowebshop" name="Register" time="0.008"/>
  <system-out/>
</testsuite> <!-- testng_basics.HelpMethods_demowebshop -->
