<?xml version="1.0" encoding="UTF-8"?>
<!-- Generated by org.testng.reporters.JUnitReportReporter -->
<testsuite hostname="SyedAdnan-07" failures="0" tests="1" name="Practice_Amazon.Amazon_Signin" time="3.707" errors="0" timestamp="2022-11-17T14:49:38 IST" skipped="0">
  <testcase classname="Practice_Amazon.Amazon_Signin" name="sign_in" time="3.707"/>
  <system-out/>
</testsuite> <!-- Practice_Amazon.Amazon_Signin -->
