<?xml version="1.0" encoding="UTF-8"?>
<!-- Generated by org.testng.reporters.JUnitReportReporter -->
<testsuite hostname="SyedAdnan-07" failures="0" tests="2" name="Testcases.Testcase3_testng_search" time="1.812" errors="0" timestamp="2022-11-16T16:41:22 IST" skipped="0">
  <testcase classname="Testcases.Testcase3_testng_search" name="search" time="0.792"/>
  <system-out/>
  <testcase classname="Testcases.Testcase3_testng_search" name="search" time="1.020"/>
  <system-out/>
</testsuite> <!-- Testcases.Testcase3_testng_search -->
