<?xml version="1.0" encoding="UTF-8"?>
<!-- Generated by org.testng.reporters.JUnitReportReporter -->
<testsuite hostname="SyedAdnan-07" failures="0" tests="3" name="testng_basics.Working_with_groups_priority1" time="0.004" errors="0" timestamp="2022-11-10T16:34:40 IST" skipped="0">
  <testcase classname="testng_basics.Working_with_groups_priority1" name="Register" time="0.001"/>
  <system-out/>
  <testcase classname="testng_basics.Working_with_groups_priority1" name="login" time="0.002"/>
  <system-out/>
  <testcase classname="testng_basics.Working_with_groups_priority1" name="search" time="0.001"/>
  <system-out/>
</testsuite> <!-- testng_basics.Working_with_groups_priority1 -->
