<?xml version="1.0" encoding="UTF-8"?>
<!-- Generated by org.testng.reporters.JUnitReportReporter -->
<testsuite hostname="SyedAdnan-07" failures="0" tests="3" name="testng_basics.Dataprovider_search" time="46.758" errors="0" timestamp="2022-11-14T10:50:13 IST" skipped="0">
  <testcase classname="testng_basics.Dataprovider_search" name="search" time="20.559"/>
  <system-out/>
  <testcase classname="testng_basics.Dataprovider_search" name="search" time="21.623"/>
  <system-out/>
  <testcase classname="testng_basics.Dataprovider_search" name="search" time="4.576"/>
  <system-out/>
</testsuite> <!-- testng_basics.Dataprovider_search -->
