<?xml version="1.0" encoding="UTF-8"?>
<!-- Generated by org.testng.reporters.JUnitReportReporter -->
<testsuite hostname="SyedAdnan-07" failures="0" tests="1" name="testng_basics.Priority_HelperMethod" time="0.007" errors="0" timestamp="2022-11-10T12:14:30 IST" skipped="0">
  <testcase classname="testng_basics.Priority_HelperMethod" name="Register" time="0.007"/>
  <system-out/>
</testsuite> <!-- testng_basics.Priority_HelperMethod -->
