<?xml version="1.0" encoding="UTF-8"?>
<!-- Generated by org.testng.reporters.JUnitReportReporter -->
<testsuite hostname="SyedAdnan-07" failures="0" tests="2" name="testng_basics.Working_with_include_and_exclude" time="3.160" errors="0" timestamp="2022-11-10T13:28:24 IST" skipped="0">
  <testcase classname="testng_basics.Working_with_include_and_exclude" name="Register" time="1.680"/>
  <system-out/>
  <testcase classname="testng_basics.Working_with_include_and_exclude" name="login" time="1.480"/>
  <system-out/>
</testsuite> <!-- testng_basics.Working_with_include_and_exclude -->
