<?xml version="1.0" encoding="UTF-8"?>
<!-- Generated by org.testng.reporters.JUnitReportReporter -->
<testsuite hostname="SyedAdnan-07" failures="0" tests="4" name="testng_basics.Working_withExclude" time="0.009" errors="0" timestamp="2022-11-10T12:33:39 IST" skipped="0">
  <testcase classname="testng_basics.Working_withExclude" name="Wishlist" time="0.006"/>
  <system-out/>
  <testcase classname="testng_basics.Working_withExclude" name="login" time="0.001"/>
  <system-out/>
  <testcase classname="testng_basics.Working_withExclude" name="logout" time="0.001"/>
  <system-out/>
  <testcase classname="testng_basics.Working_withExclude" name="search" time="0.001"/>
  <system-out/>
</testsuite> <!-- testng_basics.Working_withExclude -->
