<?xml version="1.0" encoding="UTF-8"?>
<!-- Generated by org.testng.reporters.JUnitReportReporter -->
<testsuite hostname="SyedAdnan-07" failures="0" tests="1" name="Testcases.Dataprovider_search" time="5.011" errors="0" timestamp="2022-11-14T16:17:42 IST" skipped="0">
  <testcase classname="Testcases.Dataprovider_search" name="search" time="5.011"/>
  <system-out/>
</testsuite> <!-- Testcases.Dataprovider_search -->
