<?xml version="1.0" encoding="UTF-8"?>
<!-- Generated by org.testng.reporters.JUnitReportReporter -->
<testsuite hostname="SyedAdnan-07" failures="0" tests="4" name="Testcases.Testcase2_testng_Login" time="8.707" errors="0" timestamp="2022-11-16T16:41:22 IST" skipped="0">
  <testcase classname="Testcases.Testcase2_testng_Login" name="login" time="2.331"/>
  <system-out/>
  <testcase classname="Testcases.Testcase2_testng_Login" name="login" time="2.135"/>
  <system-out/>
  <testcase classname="Testcases.Testcase2_testng_Login" name="login" time="2.109"/>
  <system-out/>
  <testcase classname="Testcases.Testcase2_testng_Login" name="login" time="2.132"/>
  <system-out/>
</testsuite> <!-- Testcases.Testcase2_testng_Login -->
