<?xml version="1.0" encoding="UTF-8"?>
<!-- Generated by org.testng.reporters.JUnitReportReporter -->
<testsuite hostname="SyedAdnan-07" failures="0" tests="1" name="Testcases.Data_provider_Advancesearch" time="21.953" errors="0" timestamp="2022-11-14T16:17:42 IST" skipped="0">
  <testcase classname="Testcases.Data_provider_Advancesearch" name="Advance_search" time="21.953"/>
  <system-out/>
</testsuite> <!-- Testcases.Data_provider_Advancesearch -->
