<?xml version="1.0" encoding="UTF-8"?>
<!-- Generated by org.testng.reporters.JUnitReportReporter -->
<testsuite hostname="SyedAdnan-07" failures="0" tests="2" name="testng_basics.Working_with_include" time="0.010" errors="0" timestamp="2022-11-10T12:23:43 IST" skipped="0">
  <testcase classname="testng_basics.Working_with_include" name="search" time="0.001"/>
  <system-out/>
  <testcase classname="testng_basics.Working_with_include" name="Register" time="0.009"/>
  <system-out/>
</testsuite> <!-- testng_basics.Working_with_include -->
