<?xml version="1.0" encoding="UTF-8"?>
<!-- Generated by org.testng.reporters.JUnitReportReporter -->
<testsuite hostname="SyedAdnan-07" failures="0" tests="2" name="Testcases.Testcase1_testng_Register" time="1.929" errors="0" timestamp="2022-11-16T16:41:22 IST" skipped="0">
  <testcase classname="Testcases.Testcase1_testng_Register" name="Register" time="1.024"/>
  <system-out/>
  <testcase classname="Testcases.Testcase1_testng_Register" name="Register" time="0.905"/>
  <system-out/>
</testsuite> <!-- Testcases.Testcase1_testng_Register -->
