<?xml version="1.0" encoding="UTF-8"?>
<!-- Generated by org.testng.reporters.JUnitReportReporter -->
<testsuite hostname="SyedAdnan-07" failures="0" tests="1" name="POM_Testcases.DWS_JewelleryTest" time="1.325" errors="0" timestamp="2022-11-21T10:21:46 IST" skipped="0">
  <testcase classname="POM_Testcases.DWS_JewelleryTest" name="jewellery" time="1.325"/>
  <system-out/>
</testsuite> <!-- POM_Testcases.DWS_JewelleryTest -->
