<?xml version="1.0" encoding="UTF-8"?>
<!-- Generated by org.testng.reporters.JUnitReportReporter -->
<testsuite hostname="SyedAdnan-07" failures="0" tests="1" name="POM_Testcases.DWS_ContactTest" time="1.818" errors="0" timestamp="2022-11-21T16:00:58 IST" skipped="0">
  <testcase classname="POM_Testcases.DWS_ContactTest" name="contact" time="1.818"/>
  <system-out/>
</testsuite> <!-- POM_Testcases.DWS_ContactTest -->
