<?xml version="1.0" encoding="UTF-8"?>
<!-- Generated by org.testng.reporters.JUnitReportReporter -->
<testsuite hostname="SyedAdnan-07" failures="0" tests="1" name="Testcases.dataprovider_Computer" time="6.835" errors="0" timestamp="2022-11-14T16:17:42 IST" skipped="0">
  <testcase classname="Testcases.dataprovider_Computer" name="mouse_over" time="6.835"/>
  <system-out/>
</testsuite> <!-- Testcases.dataprovider_Computer -->
