<?xml version="1.0" encoding="UTF-8"?>
<!-- Generated by org.testng.reporters.JUnitReportReporter -->
<testsuite hostname="SyedAdnan-07" failures="0" tests="1" name="testng_basics.Working_with_Prarameter" time="5.409" errors="0" timestamp="2022-11-11T13:14:36 IST" skipped="0">
  <testcase classname="testng_basics.Working_with_Prarameter" name="paralleldemo" time="5.409"/>
  <system-out/>
</testsuite> <!-- testng_basics.Working_with_Prarameter -->
