<?xml version="1.0" encoding="UTF-8"?>
<!-- Generated by org.testng.reporters.JUnitReportReporter -->
<testsuite hostname="SyedAdnan-07" failures="0" tests="5" name="testng_basics.Dataprovider_Login" time="34.327" errors="0" timestamp="2022-11-14T10:48:26 IST" skipped="0">
  <testcase classname="testng_basics.Dataprovider_Login" name="login" time="7.870"/>
  <system-out/>
  <testcase classname="testng_basics.Dataprovider_Login" name="login" time="7.778"/>
  <system-out/>
  <testcase classname="testng_basics.Dataprovider_Login" name="login" time="5.291"/>
  <system-out/>
  <testcase classname="testng_basics.Dataprovider_Login" name="login" time="8.101"/>
  <system-out/>
  <testcase classname="testng_basics.Dataprovider_Login" name="login" time="5.287"/>
  <system-out/>
</testsuite> <!-- testng_basics.Dataprovider_Login -->
