<?xml version="1.0" encoding="UTF-8"?>
<!-- Generated by org.testng.reporters.JUnitReportReporter -->
<testsuite hostname="SyedAdnan-07" failures="0" tests="1" name="Testcases.DataProvider_Register" time="21.674" errors="0" timestamp="2022-11-14T17:17:56 IST" skipped="0">
  <testcase classname="Testcases.DataProvider_Register" name="Register" time="21.674"/>
  <system-out/>
</testsuite> <!-- Testcases.DataProvider_Register -->
