<?xml version="1.0" encoding="UTF-8"?>
<!-- Generated by org.testng.reporters.JUnitReportReporter -->
<testsuite hostname="SyedAdnan-07" failures="0" tests="1" name="testng_basics.Working_with_PropertyFile" time="0.007" errors="0" timestamp="2022-11-15T13:07:43 IST" skipped="0">
  <testcase classname="testng_basics.Working_with_PropertyFile" name="propertydemo" time="0.007"/>
  <system-out/>
</testsuite> <!-- testng_basics.Working_with_PropertyFile -->
