<?xml version="1.0" encoding="UTF-8"?>
<!-- Generated by org.testng.reporters.JUnitReportReporter -->
<testsuite hostname="SyedAdnan-07" failures="0" tests="3" name="testng_basics.Working_with_Groups2" time="0.005" errors="0" timestamp="2022-11-10T16:19:19 IST" skipped="0">
  <testcase classname="testng_basics.Working_with_Groups2" name="Advancesearch" time="0.001"/>
  <system-out/>
  <testcase classname="testng_basics.Working_with_Groups2" name="logout" time="0.003"/>
  <system-out/>
  <testcase classname="testng_basics.Working_with_Groups2" name="Wishlist" time="0.001"/>
  <system-out/>
</testsuite> <!-- testng_basics.Working_with_Groups2 -->
